0 info it worked if it ends with ok
1 verbose cli [ 'C:\\Program Files\\nodejs\\node.exe',
1 verbose cli   'C:\\Program Files\\nodejs\\node_modules\\npm\\bin\\npm-cli.js',
1 verbose cli   'run',
1 verbose cli   'client' ]
2 info using npm@3.10.10
3 info using node@v6.11.0
4 verbose run-script [ 'preclient', 'client', 'postclient' ]
5 info lifecycle adoptable@1.0.0~preclient: adoptable@1.0.0
6 silly lifecycle adoptable@1.0.0~preclient: no script for preclient, continuing
7 info lifecycle adoptable@1.0.0~client: adoptable@1.0.0
8 verbose lifecycle adoptable@1.0.0~client: unsafe-perm in lifecycle true
9 verbose lifecycle adoptable@1.0.0~client: PATH: C:\Program Files\nodejs\node_modules\npm\bin\node-gyp-bin;C:\Users\Tori White\Documents\Homework\03Project\node_modules\.bin;C:\Users\Tori White\Documents\Homework\03Project\node_modules\.bin;C:\Users\Tori White\AppData\Local\Yarn\config\link\node_modules\.bin;C:\Users\Tori White\Documents\Homework\03Project\node_modules\.bin;C:\Users\Tori White\AppData\Local\Yarn\config\link\node_modules\.bin;C:\Users\Tori White\AppData\Local\Yarn\bin;C:\Program Files\lib\node_modules\npm\bin\node-gyp-bin;C:\Program Files\nodejs\node_modules\npm\bin\node-gyp-bin;C:\Users\Tori White\bin;C:\Program Files\Git\mingw64\bin;C:\Program Files\Git\usr\local\bin;C:\Program Files\Git\usr\bin;C:\Program Files\Git\usr\bin;C:\Program Files\Git\mingw64\bin;C:\Program Files\Git\usr\bin;C:\Users\Tori White\bin;C:\Program Files (x86)\Intel\iCLS Client;C:\Program Files\MongoDB\Server\3.4\bin;C:\Program Files\Intel\iCLS Client;C:\WINDOWS\system32;C:\WINDOWS;C:\WINDOWS\System32\Wbem;C:\WINDOWS\System32\WindowsPowerShell\v1.0;C:\Program Files (x86)\Intel\Intel(R) Management Engine Components\DAL;C:\Program Files\Intel\Intel(R) Management Engine Components\DAL;C:\Program Files (x86)\Intel\Intel(R) Management Engine Components\IPT;C:\Program Files\Intel\Intel(R) Management Engine Components\IPT;C:\Program Files\nodejs;C:\Program Files (x86)\OpenSSH\bin;C:\Program Files\Git\cmd;C:\Program Files\Intel\WiFi\bin;C:\Program Files\Common Files\Intel\WirelessCommon;C:\Users\Tori White\AppData\Local\Microsoft\WindowsApps;C:\Program Files\Heroku\bin;C:\Users\Tori White\AppData\Roaming\npm;C:\Users\Tori White\AppData\Local\atom\bin;C:\Users\Tori White\AppData\Local\GitHubDesktop\bin;%USERPROFILE%\AppData\Local\Microsoft\WindowsApps;C:\Program Files\Git\usr\bin\vendor_perl;C:\Program Files\Git\usr\bin\core_perl
10 verbose lifecycle adoptable@1.0.0~client: CWD: C:\Users\Tori White\Documents\Homework\03Project
11 silly lifecycle adoptable@1.0.0~client: Args: [ '/d /s /c', 'node scripts/start-client.js' ]
12 silly lifecycle adoptable@1.0.0~client: Returned: code: 0  signal: null
13 info lifecycle adoptable@1.0.0~postclient: adoptable@1.0.0
14 silly lifecycle adoptable@1.0.0~postclient: no script for postclient, continuing
15 verbose exit [ 0, true ]
16 verbose stack Error: kill ENOSYS
16 verbose stack     at exports._errnoException (util.js:1018:11)
16 verbose stack     at process.kill (internal/process.js:190:13)
16 verbose stack     at process.listener (C:\Program Files\nodejs\node_modules\npm\node_modules\npmlog\node_modules\gauge\node_modules\signal-exit\index.js:86:15)
16 verbose stack     at emitNone (events.js:91:20)
16 verbose stack     at process.emit (events.js:185:7)
16 verbose stack     at processEmit (C:\Program Files\nodejs\node_modules\npm\node_modules\npmlog\node_modules\gauge\node_modules\signal-exit\index.js:146:32)
16 verbose stack     at processEmit (C:\Program Files\nodejs\node_modules\npm\node_modules\npm-registry-client\node_modules\npmlog\node_modules\gauge\node_modules\signal-exit\index.js:146:32)
16 verbose stack     at Signal.wrap.onsignal (internal/process.js:217:44)
17 verbose cwd C:\Users\Tori White\Documents\Homework\03Project
18 error Windows_NT 10.0.16299
19 error argv "C:\\Program Files\\nodejs\\node.exe" "C:\\Program Files\\nodejs\\node_modules\\npm\\bin\\npm-cli.js" "run" "client"
20 error node v6.11.0
21 error npm  v3.10.10
22 error code ENOSYS
23 error errno ENOSYS
24 error syscall kill
25 error kill ENOSYS
26 error If you need help, you may report this error at:
26 error     <https://github.com/npm/npm/issues>
27 verbose exit [ 1, true ]
